Determining if the pthread_create exist failed with the following output:
Change Dir: /home/mchornous/Training/C++GLBasecamp/HomeWork/Dubovyk/03/build/CMakeFiles/CMakeTmp

Run Build Command:"/usr/bin/make" "cmTC_e1089/fast"
/usr/bin/make -f CMakeFiles/cmTC_e1089.dir/build.make CMakeFiles/cmTC_e1089.dir/build
make[1]: Entering directory '/home/mchornous/Training/C++GLBasecamp/HomeWork/Dubovyk/03/build/CMakeFiles/CMakeTmp'
Building CXX object CMakeFiles/cmTC_e1089.dir/CheckSymbolExists.cxx.o
/usr/bin/c++      -o CMakeFiles/cmTC_e1089.dir/CheckSymbolExists.cxx.o -c /home/mchornous/Training/C++GLBasecamp/HomeWork/Dubovyk/03/build/CMakeFiles/CMakeTmp/CheckSymbolExists.cxx
Linking CXX executable cmTC_e1089
/usr/bin/cmake -E cmake_link_script CMakeFiles/cmTC_e1089.dir/link.txt --verbose=1
/usr/bin/c++        CMakeFiles/cmTC_e1089.dir/CheckSymbolExists.cxx.o  -o cmTC_e1089 -rdynamic 
CMakeFiles/cmTC_e1089.dir/CheckSymbolExists.cxx.o: In function `main':
CheckSymbolExists.cxx:(.text+0x16): undefined reference to `pthread_create'
collect2: error: ld returned 1 exit status
CMakeFiles/cmTC_e1089.dir/build.make:97: recipe for target 'cmTC_e1089' failed
make[1]: *** [cmTC_e1089] Error 1
make[1]: Leaving directory '/home/mchornous/Training/C++GLBasecamp/HomeWork/Dubovyk/03/build/CMakeFiles/CMakeTmp'
Makefile:126: recipe for target 'cmTC_e1089/fast' failed
make: *** [cmTC_e1089/fast] Error 2

File /home/mchornous/Training/C++GLBasecamp/HomeWork/Dubovyk/03/build/CMakeFiles/CMakeTmp/CheckSymbolExists.cxx:
/* */
#include <pthread.h>

int main(int argc, char** argv)
{
  (void)argv;
#ifndef pthread_create
  return ((int*)(&pthread_create))[argc];
#else
  (void)argc;
  return 0;
#endif
}

Determining if the function pthread_create exists in the pthreads failed with the following output:
Change Dir: /home/mchornous/Training/C++GLBasecamp/HomeWork/Dubovyk/03/build/CMakeFiles/CMakeTmp

Run Build Command:"/usr/bin/make" "cmTC_aa025/fast"
/usr/bin/make -f CMakeFiles/cmTC_aa025.dir/build.make CMakeFiles/cmTC_aa025.dir/build
make[1]: Entering directory '/home/mchornous/Training/C++GLBasecamp/HomeWork/Dubovyk/03/build/CMakeFiles/CMakeTmp'
Building CXX object CMakeFiles/cmTC_aa025.dir/CheckFunctionExists.cxx.o
/usr/bin/c++     -DCHECK_FUNCTION_EXISTS=pthread_create   -o CMakeFiles/cmTC_aa025.dir/CheckFunctionExists.cxx.o -c /home/mchornous/Training/C++GLBasecamp/HomeWork/Dubovyk/03/build/CMakeFiles/CheckLibraryExists/CheckFunctionExists.cxx
Linking CXX executable cmTC_aa025
/usr/bin/cmake -E cmake_link_script CMakeFiles/cmTC_aa025.dir/link.txt --verbose=1
/usr/bin/c++    -DCHECK_FUNCTION_EXISTS=pthread_create    CMakeFiles/cmTC_aa025.dir/CheckFunctionExists.cxx.o  -o cmTC_aa025 -rdynamic -lpthreads 
/usr/bin/ld: cannot find -lpthreads
collect2: error: ld returned 1 exit status
CMakeFiles/cmTC_aa025.dir/build.make:97: recipe for target 'cmTC_aa025' failed
make[1]: *** [cmTC_aa025] Error 1
make[1]: Leaving directory '/home/mchornous/Training/C++GLBasecamp/HomeWork/Dubovyk/03/build/CMakeFiles/CMakeTmp'
Makefile:126: recipe for target 'cmTC_aa025/fast' failed
make: *** [cmTC_aa025/fast] Error 2


